K = 2
RIBO genes : gene number 1 to 121
NONRIBO genes : gene number 122 to 2467
Cluster 1:Total number of genes = 1404
index: 1 Gene number = 4
index: 2 Gene number = 122
index: 3 Gene number = 123
index: 4 Gene number = 124
index: 5 Gene number = 125
index: 6 Gene number = 126
index: 7 Gene number = 127
index: 8 Gene number = 128
index: 9 Gene number = 129
index: 10 Gene number = 130
index: 11 Gene number = 131
index: 12 Gene number = 132
index: 13 Gene number = 133
index: 14 Gene number = 134
index: 15 Gene number = 135
index: 16 Gene number = 136
index: 17 Gene number = 137
index: 18 Gene number = 138
index: 19 Gene number = 139
index: 20 Gene number = 140
index: 21 Gene number = 141
index: 22 Gene number = 142
index: 23 Gene number = 143
index: 24 Gene number = 144
index: 25 Gene number = 145
index: 26 Gene number = 146
index: 27 Gene number = 147
index: 28 Gene number = 148
index: 29 Gene number = 149
index: 30 Gene number = 150
index: 31 Gene number = 151
index: 32 Gene number = 152
index: 33 Gene number = 153
index: 34 Gene number = 154
index: 35 Gene number = 155
index: 36 Gene number = 156
index: 37 Gene number = 157
index: 38 Gene number = 158
index: 39 Gene number = 159
index: 40 Gene number = 160
index: 41 Gene number = 161
index: 42 Gene number = 162
index: 43 Gene number = 163
index: 44 Gene number = 164
index: 45 Gene number = 165
index: 46 Gene number = 166
index: 47 Gene number = 167
index: 48 Gene number = 168
index: 49 Gene number = 169
index: 50 Gene number = 170
index: 51 Gene number = 171
index: 52 Gene number = 172
index: 53 Gene number = 173
index: 54 Gene number = 174
index: 55 Gene number = 175
index: 56 Gene number = 176
index: 57 Gene number = 177
index: 58 Gene number = 178
index: 59 Gene number = 179
index: 60 Gene number = 180
index: 61 Gene number = 181
index: 62 Gene number = 182
index: 63 Gene number = 183
index: 64 Gene number = 184
index: 65 Gene number = 185
index: 66 Gene number = 186
index: 67 Gene number = 187
index: 68 Gene number = 188
index: 69 Gene number = 189
index: 70 Gene number = 190
index: 71 Gene number = 191
index: 72 Gene number = 192
index: 73 Gene number = 193
index: 74 Gene number = 194
index: 75 Gene number = 195
index: 76 Gene number = 196
index: 77 Gene number = 197
index: 78 Gene number = 198
index: 79 Gene number = 199
index: 80 Gene number = 200
index: 81 Gene number = 201
index: 82 Gene number = 202
index: 83 Gene number = 203
index: 84 Gene number = 204
index: 85 Gene number = 205
index: 86 Gene number = 206
index: 87 Gene number = 207
index: 88 Gene number = 208
index: 89 Gene number = 209
index: 90 Gene number = 210
index: 91 Gene number = 211
index: 92 Gene number = 212
index: 93 Gene number = 213
index: 94 Gene number = 214
index: 95 Gene number = 215
index: 96 Gene number = 216
index: 97 Gene number = 217
index: 98 Gene number = 218
index: 99 Gene number = 219
index: 100 Gene number = 220
index: 101 Gene number = 221
index: 102 Gene number = 222
index: 103 Gene number = 223
index: 104 Gene number = 224
index: 105 Gene number = 225
index: 106 Gene number = 226
index: 107 Gene number = 227
index: 108 Gene number = 228
index: 109 Gene number = 229
index: 110 Gene number = 230
index: 111 Gene number = 231
index: 112 Gene number = 232
index: 113 Gene number = 233
index: 114 Gene number = 234
index: 115 Gene number = 235
index: 116 Gene number = 236
index: 117 Gene number = 237
index: 118 Gene number = 238
index: 119 Gene number = 239
index: 120 Gene number = 240
index: 121 Gene number = 241
index: 122 Gene number = 242
index: 123 Gene number = 243
index: 124 Gene number = 244
index: 125 Gene number = 245
index: 126 Gene number = 246
index: 127 Gene number = 247
index: 128 Gene number = 248
index: 129 Gene number = 249
index: 130 Gene number = 250
index: 131 Gene number = 251
index: 132 Gene number = 252
index: 133 Gene number = 253
index: 134 Gene number = 254
index: 135 Gene number = 255
index: 136 Gene number = 256
index: 137 Gene number = 257
index: 138 Gene number = 258
index: 139 Gene number = 259
index: 140 Gene number = 260
index: 141 Gene number = 261
index: 142 Gene number = 262
index: 143 Gene number = 263
index: 144 Gene number = 264
index: 145 Gene number = 265
index: 146 Gene number = 266
index: 147 Gene number = 267
index: 148 Gene number = 268
index: 149 Gene number = 269
index: 150 Gene number = 270
index: 151 Gene number = 271
index: 152 Gene number = 272
index: 153 Gene number = 273
index: 154 Gene number = 274
index: 155 Gene number = 275
index: 156 Gene number = 276
index: 157 Gene number = 277
index: 158 Gene number = 278
index: 159 Gene number = 279
index: 160 Gene number = 280
index: 161 Gene number = 281
index: 162 Gene number = 282
index: 163 Gene number = 283
index: 164 Gene number = 284
index: 165 Gene number = 285
index: 166 Gene number = 286
index: 167 Gene number = 287
index: 168 Gene number = 288
index: 169 Gene number = 289
index: 170 Gene number = 290
index: 171 Gene number = 291
index: 172 Gene number = 292
index: 173 Gene number = 293
index: 174 Gene number = 294
index: 175 Gene number = 295
index: 176 Gene number = 296
index: 177 Gene number = 297
index: 178 Gene number = 298
index: 179 Gene number = 299
index: 180 Gene number = 300
index: 181 Gene number = 301
index: 182 Gene number = 302
index: 183 Gene number = 303
index: 184 Gene number = 304
index: 185 Gene number = 305
index: 186 Gene number = 306
index: 187 Gene number = 307
index: 188 Gene number = 308
index: 189 Gene number = 309
index: 190 Gene number = 310
index: 191 Gene number = 311
index: 192 Gene number = 312
index: 193 Gene number = 313
index: 194 Gene number = 314
index: 195 Gene number = 315
index: 196 Gene number = 316
index: 197 Gene number = 317
index: 198 Gene number = 318
index: 199 Gene number = 319
index: 200 Gene number = 320
index: 201 Gene number = 321
index: 202 Gene number = 322
index: 203 Gene number = 323
index: 204 Gene number = 324
index: 205 Gene number = 325
index: 206 Gene number = 326
index: 207 Gene number = 327
index: 208 Gene number = 328
index: 209 Gene number = 329
index: 210 Gene number = 330
index: 211 Gene number = 331
index: 212 Gene number = 332
index: 213 Gene number = 333
index: 214 Gene number = 334
index: 215 Gene number = 335
index: 216 Gene number = 336
index: 217 Gene number = 337
index: 218 Gene number = 338
index: 219 Gene number = 339
index: 220 Gene number = 340
index: 221 Gene number = 341
index: 222 Gene number = 342
index: 223 Gene number = 343
index: 224 Gene number = 344
index: 225 Gene number = 345
index: 226 Gene number = 346
index: 227 Gene number = 347
index: 228 Gene number = 348
index: 229 Gene number = 349
index: 230 Gene number = 350
index: 231 Gene number = 351
index: 232 Gene number = 352
index: 233 Gene number = 353
index: 234 Gene number = 354
index: 235 Gene number = 355
index: 236 Gene number = 356
index: 237 Gene number = 357
index: 238 Gene number = 358
index: 239 Gene number = 359
index: 240 Gene number = 360
index: 241 Gene number = 361
index: 242 Gene number = 362
index: 243 Gene number = 363
index: 244 Gene number = 364
index: 245 Gene number = 365
index: 246 Gene number = 366
index: 247 Gene number = 367
index: 248 Gene number = 368
index: 249 Gene number = 369
index: 250 Gene number = 370
index: 251 Gene number = 371
index: 252 Gene number = 372
index: 253 Gene number = 373
index: 254 Gene number = 374
index: 255 Gene number = 375
index: 256 Gene number = 376
index: 257 Gene number = 377
index: 258 Gene number = 378
index: 259 Gene number = 379
index: 260 Gene number = 380
index: 261 Gene number = 381
index: 262 Gene number = 382
index: 263 Gene number = 383
index: 264 Gene number = 384
index: 265 Gene number = 385
index: 266 Gene number = 386
index: 267 Gene number = 387
index: 268 Gene number = 388
index: 269 Gene number = 389
index: 270 Gene number = 390
index: 271 Gene number = 391
index: 272 Gene number = 392
index: 273 Gene number = 393
index: 274 Gene number = 394
index: 275 Gene number = 395
index: 276 Gene number = 396
index: 277 Gene number = 397
index: 278 Gene number = 398
index: 279 Gene number = 399
index: 280 Gene number = 400
index: 281 Gene number = 401
index: 282 Gene number = 402
index: 283 Gene number = 403
index: 284 Gene number = 404
index: 285 Gene number = 405
index: 286 Gene number = 406
index: 287 Gene number = 407
index: 288 Gene number = 408
index: 289 Gene number = 409
index: 290 Gene number = 410
index: 291 Gene number = 411
index: 292 Gene number = 412
index: 293 Gene number = 413
index: 294 Gene number = 414
index: 295 Gene number = 415
index: 296 Gene number = 416
index: 297 Gene number = 417
index: 298 Gene number = 418
index: 299 Gene number = 419
index: 300 Gene number = 420
index: 301 Gene number = 421
index: 302 Gene number = 422
index: 303 Gene number = 423
index: 304 Gene number = 424
index: 305 Gene number = 425
index: 306 Gene number = 426
index: 307 Gene number = 427
index: 308 Gene number = 428
index: 309 Gene number = 429
index: 310 Gene number = 430
index: 311 Gene number = 431
index: 312 Gene number = 432
index: 313 Gene number = 433
index: 314 Gene number = 434
index: 315 Gene number = 435
index: 316 Gene number = 436
index: 317 Gene number = 437
index: 318 Gene number = 438
index: 319 Gene number = 439
index: 320 Gene number = 440
index: 321 Gene number = 441
index: 322 Gene number = 442
index: 323 Gene number = 443
index: 324 Gene number = 444
index: 325 Gene number = 445
index: 326 Gene number = 446
index: 327 Gene number = 447
index: 328 Gene number = 448
index: 329 Gene number = 449
index: 330 Gene number = 450
index: 331 Gene number = 451
index: 332 Gene number = 452
index: 333 Gene number = 453
index: 334 Gene number = 454
index: 335 Gene number = 455
index: 336 Gene number = 456
index: 337 Gene number = 457
index: 338 Gene number = 458
index: 339 Gene number = 459
index: 340 Gene number = 460
index: 341 Gene number = 461
index: 342 Gene number = 462
index: 343 Gene number = 463
index: 344 Gene number = 464
index: 345 Gene number = 465
index: 346 Gene number = 466
index: 347 Gene number = 467
index: 348 Gene number = 468
index: 349 Gene number = 469
index: 350 Gene number = 470
index: 351 Gene number = 471
index: 352 Gene number = 472
index: 353 Gene number = 473
index: 354 Gene number = 474
index: 355 Gene number = 475
index: 356 Gene number = 476
index: 357 Gene number = 477
index: 358 Gene number = 478
index: 359 Gene number = 479
index: 360 Gene number = 480
index: 361 Gene number = 481
index: 362 Gene number = 482
index: 363 Gene number = 483
index: 364 Gene number = 484
index: 365 Gene number = 485
index: 366 Gene number = 486
index: 367 Gene number = 487
index: 368 Gene number = 488
index: 369 Gene number = 489
index: 370 Gene number = 490
index: 371 Gene number = 491
index: 372 Gene number = 492
index: 373 Gene number = 493
index: 374 Gene number = 494
index: 375 Gene number = 495
index: 376 Gene number = 496
index: 377 Gene number = 497
index: 378 Gene number = 498
index: 379 Gene number = 499
index: 380 Gene number = 500
index: 381 Gene number = 501
index: 382 Gene number = 502
index: 383 Gene number = 503
index: 384 Gene number = 504
index: 385 Gene number = 505
index: 386 Gene number = 506
index: 387 Gene number = 507
index: 388 Gene number = 508
index: 389 Gene number = 509
index: 390 Gene number = 510
index: 391 Gene number = 511
index: 392 Gene number = 512
index: 393 Gene number = 513
index: 394 Gene number = 514
index: 395 Gene number = 515
index: 396 Gene number = 516
index: 397 Gene number = 517
index: 398 Gene number = 518
index: 399 Gene number = 519
index: 400 Gene number = 520
index: 401 Gene number = 521
index: 402 Gene number = 522
index: 403 Gene number = 523
index: 404 Gene number = 524
index: 405 Gene number = 525
index: 406 Gene number = 526
index: 407 Gene number = 527
index: 408 Gene number = 528
index: 409 Gene number = 529
index: 410 Gene number = 530
index: 411 Gene number = 531
index: 412 Gene number = 532
index: 413 Gene number = 533
index: 414 Gene number = 534
index: 415 Gene number = 535
index: 416 Gene number = 536
index: 417 Gene number = 537
index: 418 Gene number = 538
index: 419 Gene number = 539
index: 420 Gene number = 540
index: 421 Gene number = 541
index: 422 Gene number = 542
index: 423 Gene number = 543
index: 424 Gene number = 544
index: 425 Gene number = 545
index: 426 Gene number = 546
index: 427 Gene number = 547
index: 428 Gene number = 548
index: 429 Gene number = 549
index: 430 Gene number = 550
index: 431 Gene number = 551
index: 432 Gene number = 552
index: 433 Gene number = 553
index: 434 Gene number = 554
index: 435 Gene number = 555
index: 436 Gene number = 556
index: 437 Gene number = 557
index: 438 Gene number = 558
index: 439 Gene number = 559
index: 440 Gene number = 560
index: 441 Gene number = 561
index: 442 Gene number = 562
index: 443 Gene number = 563
index: 444 Gene number = 564
index: 445 Gene number = 565
index: 446 Gene number = 566
index: 447 Gene number = 567
index: 448 Gene number = 568
index: 449 Gene number = 569
index: 450 Gene number = 570
index: 451 Gene number = 571
index: 452 Gene number = 572
index: 453 Gene number = 573
index: 454 Gene number = 574
index: 455 Gene number = 575
index: 456 Gene number = 576
index: 457 Gene number = 577
index: 458 Gene number = 578
index: 459 Gene number = 579
index: 460 Gene number = 580
index: 461 Gene number = 581
index: 462 Gene number = 582
index: 463 Gene number = 583
index: 464 Gene number = 584
index: 465 Gene number = 585
index: 466 Gene number = 586
index: 467 Gene number = 587
index: 468 Gene number = 588
index: 469 Gene number = 589
index: 470 Gene number = 590
index: 471 Gene number = 591
index: 472 Gene number = 592
index: 473 Gene number = 593
index: 474 Gene number = 594
index: 475 Gene number = 595
index: 476 Gene number = 596
index: 477 Gene number = 597
index: 478 Gene number = 598
index: 479 Gene number = 599
index: 480 Gene number = 600
index: 481 Gene number = 601
index: 482 Gene number = 602
index: 483 Gene number = 603
index: 484 Gene number = 604
index: 485 Gene number = 605
index: 486 Gene number = 606
index: 487 Gene number = 607
index: 488 Gene number = 608
index: 489 Gene number = 609
index: 490 Gene number = 610
index: 491 Gene number = 611
index: 492 Gene number = 612
index: 493 Gene number = 613
index: 494 Gene number = 614
index: 495 Gene number = 615
index: 496 Gene number = 616
index: 497 Gene number = 617
index: 498 Gene number = 618
index: 499 Gene number = 619
index: 500 Gene number = 620
index: 501 Gene number = 621
index: 502 Gene number = 622
index: 503 Gene number = 625
index: 504 Gene number = 626
index: 505 Gene number = 627
index: 506 Gene number = 628
index: 507 Gene number = 629
index: 508 Gene number = 630
index: 509 Gene number = 631
index: 510 Gene number = 632
index: 511 Gene number = 633
index: 512 Gene number = 634
index: 513 Gene number = 635
index: 514 Gene number = 636
index: 515 Gene number = 637
index: 516 Gene number = 638
index: 517 Gene number = 639
index: 518 Gene number = 640
index: 519 Gene number = 641
index: 520 Gene number = 642
index: 521 Gene number = 643
index: 522 Gene number = 644
index: 523 Gene number = 645
index: 524 Gene number = 646
index: 525 Gene number = 647
index: 526 Gene number = 648
index: 527 Gene number = 649
index: 528 Gene number = 650
index: 529 Gene number = 651
index: 530 Gene number = 652
index: 531 Gene number = 653
index: 532 Gene number = 654
index: 533 Gene number = 655
index: 534 Gene number = 656
index: 535 Gene number = 657
index: 536 Gene number = 658
index: 537 Gene number = 659
index: 538 Gene number = 660
index: 539 Gene number = 661
index: 540 Gene number = 662
index: 541 Gene number = 663
index: 542 Gene number = 664
index: 543 Gene number = 665
index: 544 Gene number = 668
index: 545 Gene number = 670
index: 546 Gene number = 671
index: 547 Gene number = 673
index: 548 Gene number = 674
index: 549 Gene number = 676
index: 550 Gene number = 679
index: 551 Gene number = 680
index: 552 Gene number = 681
index: 553 Gene number = 682
index: 554 Gene number = 683
index: 555 Gene number = 684
index: 556 Gene number = 685
index: 557 Gene number = 687
index: 558 Gene number = 688
index: 559 Gene number = 689
index: 560 Gene number = 690
index: 561 Gene number = 691
index: 562 Gene number = 692
index: 563 Gene number = 694
index: 564 Gene number = 696
index: 565 Gene number = 699
index: 566 Gene number = 700
index: 567 Gene number = 703
index: 568 Gene number = 704
index: 569 Gene number = 707
index: 570 Gene number = 709
index: 571 Gene number = 710
index: 572 Gene number = 714
index: 573 Gene number = 717
index: 574 Gene number = 728
index: 575 Gene number = 729
index: 576 Gene number = 730
index: 577 Gene number = 733
index: 578 Gene number = 734
index: 579 Gene number = 738
index: 580 Gene number = 740
index: 581 Gene number = 742
index: 582 Gene number = 743
index: 583 Gene number = 744
index: 584 Gene number = 745
index: 585 Gene number = 748
index: 586 Gene number = 749
index: 587 Gene number = 756
index: 588 Gene number = 760
index: 589 Gene number = 761
index: 590 Gene number = 763
index: 591 Gene number = 764
index: 592 Gene number = 765
index: 593 Gene number = 771
index: 594 Gene number = 773
index: 595 Gene number = 783
index: 596 Gene number = 791
index: 597 Gene number = 792
index: 598 Gene number = 841
index: 599 Gene number = 851
index: 600 Gene number = 866
index: 601 Gene number = 1039
index: 602 Gene number = 1046
index: 603 Gene number = 1086
index: 604 Gene number = 1109
index: 605 Gene number = 1110
index: 606 Gene number = 1111
index: 607 Gene number = 1117
index: 608 Gene number = 1125
index: 609 Gene number = 1129
index: 610 Gene number = 1137
index: 611 Gene number = 1142
index: 612 Gene number = 1143
index: 613 Gene number = 1146
index: 614 Gene number = 1148
index: 615 Gene number = 1153
index: 616 Gene number = 1154
index: 617 Gene number = 1156
index: 618 Gene number = 1157
index: 619 Gene number = 1160
index: 620 Gene number = 1161
index: 621 Gene number = 1162
index: 622 Gene number = 1163
index: 623 Gene number = 1164
index: 624 Gene number = 1165
index: 625 Gene number = 1166
index: 626 Gene number = 1167
index: 627 Gene number = 1168
index: 628 Gene number = 1169
index: 629 Gene number = 1170
index: 630 Gene number = 1171
index: 631 Gene number = 1172
index: 632 Gene number = 1175
index: 633 Gene number = 1176
index: 634 Gene number = 1177
index: 635 Gene number = 1178
index: 636 Gene number = 1179
index: 637 Gene number = 1180
index: 638 Gene number = 1181
index: 639 Gene number = 1183
index: 640 Gene number = 1184
index: 641 Gene number = 1186
index: 642 Gene number = 1189
index: 643 Gene number = 1190
index: 644 Gene number = 1191
index: 645 Gene number = 1192
index: 646 Gene number = 1193
index: 647 Gene number = 1196
index: 648 Gene number = 1197
index: 649 Gene number = 1198
index: 650 Gene number = 1200
index: 651 Gene number = 1202
index: 652 Gene number = 1205
index: 653 Gene number = 1207
index: 654 Gene number = 1209
index: 655 Gene number = 1210
index: 656 Gene number = 1213
index: 657 Gene number = 1215
index: 658 Gene number = 1218
index: 659 Gene number = 1224
index: 660 Gene number = 1228
index: 661 Gene number = 1229
index: 662 Gene number = 1230
index: 663 Gene number = 1231
index: 664 Gene number = 1232
index: 665 Gene number = 1234
index: 666 Gene number = 1235
index: 667 Gene number = 1236
index: 668 Gene number = 1237
index: 669 Gene number = 1238
index: 670 Gene number = 1239
index: 671 Gene number = 1244
index: 672 Gene number = 1246
index: 673 Gene number = 1247
index: 674 Gene number = 1248
index: 675 Gene number = 1249
index: 676 Gene number = 1250
index: 677 Gene number = 1251
index: 678 Gene number = 1252
index: 679 Gene number = 1253
index: 680 Gene number = 1254
index: 681 Gene number = 1255
index: 682 Gene number = 1256
index: 683 Gene number = 1257
index: 684 Gene number = 1258
index: 685 Gene number = 1259
index: 686 Gene number = 1260
index: 687 Gene number = 1261
index: 688 Gene number = 1262
index: 689 Gene number = 1263
index: 690 Gene number = 1264
index: 691 Gene number = 1267
index: 692 Gene number = 1268
index: 693 Gene number = 1269
index: 694 Gene number = 1270
index: 695 Gene number = 1271
index: 696 Gene number = 1272
index: 697 Gene number = 1273
index: 698 Gene number = 1275
index: 699 Gene number = 1277
index: 700 Gene number = 1278
index: 701 Gene number = 1280
index: 702 Gene number = 1281
index: 703 Gene number = 1287
index: 704 Gene number = 1289
index: 705 Gene number = 1292
index: 706 Gene number = 1293
index: 707 Gene number = 1294
index: 708 Gene number = 1295
index: 709 Gene number = 1296
index: 710 Gene number = 1297
index: 711 Gene number = 1298
index: 712 Gene number = 1299
index: 713 Gene number = 1300
index: 714 Gene number = 1305
index: 715 Gene number = 1307
index: 716 Gene number = 1308
index: 717 Gene number = 1312
index: 718 Gene number = 1313
index: 719 Gene number = 1314
index: 720 Gene number = 1315
index: 721 Gene number = 1316
index: 722 Gene number = 1317
index: 723 Gene number = 1318
index: 724 Gene number = 1319
index: 725 Gene number = 1320
index: 726 Gene number = 1321
index: 727 Gene number = 1322
index: 728 Gene number = 1323
index: 729 Gene number = 1324
index: 730 Gene number = 1325
index: 731 Gene number = 1326
index: 732 Gene number = 1327
index: 733 Gene number = 1328
index: 734 Gene number = 1329
index: 735 Gene number = 1330
index: 736 Gene number = 1331
index: 737 Gene number = 1332
index: 738 Gene number = 1333
index: 739 Gene number = 1334
index: 740 Gene number = 1335
index: 741 Gene number = 1336
index: 742 Gene number = 1337
index: 743 Gene number = 1338
index: 744 Gene number = 1341
index: 745 Gene number = 1343
index: 746 Gene number = 1344
index: 747 Gene number = 1345
index: 748 Gene number = 1346
index: 749 Gene number = 1347
index: 750 Gene number = 1348
index: 751 Gene number = 1349
index: 752 Gene number = 1350
index: 753 Gene number = 1352
index: 754 Gene number = 1353
index: 755 Gene number = 1354
index: 756 Gene number = 1355
index: 757 Gene number = 1356
index: 758 Gene number = 1357
index: 759 Gene number = 1358
index: 760 Gene number = 1359
index: 761 Gene number = 1360
index: 762 Gene number = 1362
index: 763 Gene number = 1363
index: 764 Gene number = 1364
index: 765 Gene number = 1366
index: 766 Gene number = 1367
index: 767 Gene number = 1368
index: 768 Gene number = 1369
index: 769 Gene number = 1371
index: 770 Gene number = 1372
index: 771 Gene number = 1373
index: 772 Gene number = 1374
index: 773 Gene number = 1375
index: 774 Gene number = 1376
index: 775 Gene number = 1379
index: 776 Gene number = 1380
index: 777 Gene number = 1385
index: 778 Gene number = 1386
index: 779 Gene number = 1387
index: 780 Gene number = 1388
index: 781 Gene number = 1389
index: 782 Gene number = 1390
index: 783 Gene number = 1391
index: 784 Gene number = 1393
index: 785 Gene number = 1394
index: 786 Gene number = 1395
index: 787 Gene number = 1396
index: 788 Gene number = 1397
index: 789 Gene number = 1398
index: 790 Gene number = 1400
index: 791 Gene number = 1401
index: 792 Gene number = 1402
index: 793 Gene number = 1403
index: 794 Gene number = 1404
index: 795 Gene number = 1405
index: 796 Gene number = 1406
index: 797 Gene number = 1407
index: 798 Gene number = 1408
index: 799 Gene number = 1409
index: 800 Gene number = 1410
index: 801 Gene number = 1411
index: 802 Gene number = 1412
index: 803 Gene number = 1413
index: 804 Gene number = 1414
index: 805 Gene number = 1415
index: 806 Gene number = 1416
index: 807 Gene number = 1417
index: 808 Gene number = 1418
index: 809 Gene number = 1419
index: 810 Gene number = 1420
index: 811 Gene number = 1421
index: 812 Gene number = 1422
index: 813 Gene number = 1423
index: 814 Gene number = 1424
index: 815 Gene number = 1425
index: 816 Gene number = 1429
index: 817 Gene number = 1443
index: 818 Gene number = 1447
index: 819 Gene number = 1448
index: 820 Gene number = 1449
index: 821 Gene number = 1450
index: 822 Gene number = 1451
index: 823 Gene number = 1452
index: 824 Gene number = 1453
index: 825 Gene number = 1454
index: 826 Gene number = 1456
index: 827 Gene number = 1457
index: 828 Gene number = 1458
index: 829 Gene number = 1459
index: 830 Gene number = 1461
index: 831 Gene number = 1462
index: 832 Gene number = 1463
index: 833 Gene number = 1464
index: 834 Gene number = 1465
index: 835 Gene number = 1466
index: 836 Gene number = 1468
index: 837 Gene number = 1469
index: 838 Gene number = 1471
index: 839 Gene number = 1473
index: 840 Gene number = 1476
index: 841 Gene number = 1481
index: 842 Gene number = 1482
index: 843 Gene number = 1484
index: 844 Gene number = 1485
index: 845 Gene number = 1486
index: 846 Gene number = 1490
index: 847 Gene number = 1491
index: 848 Gene number = 1492
index: 849 Gene number = 1493
index: 850 Gene number = 1494
index: 851 Gene number = 1495
index: 852 Gene number = 1511
index: 853 Gene number = 1514
index: 854 Gene number = 1515
index: 855 Gene number = 1516
index: 856 Gene number = 1518
index: 857 Gene number = 1519
index: 858 Gene number = 1521
index: 859 Gene number = 1522
index: 860 Gene number = 1524
index: 861 Gene number = 1525
index: 862 Gene number = 1526
index: 863 Gene number = 1529
index: 864 Gene number = 1538
index: 865 Gene number = 1726
index: 866 Gene number = 1732
index: 867 Gene number = 1733
index: 868 Gene number = 1735
index: 869 Gene number = 1740
index: 870 Gene number = 1741
index: 871 Gene number = 1744
index: 872 Gene number = 1748
index: 873 Gene number = 1750
index: 874 Gene number = 1751
index: 875 Gene number = 1753
index: 876 Gene number = 1754
index: 877 Gene number = 1755
index: 878 Gene number = 1756
index: 879 Gene number = 1758
index: 880 Gene number = 1761
index: 881 Gene number = 1762
index: 882 Gene number = 1763
index: 883 Gene number = 1766
index: 884 Gene number = 1767
index: 885 Gene number = 1769
index: 886 Gene number = 1770
index: 887 Gene number = 1771
index: 888 Gene number = 1772
index: 889 Gene number = 1773
index: 890 Gene number = 1774
index: 891 Gene number = 1775
index: 892 Gene number = 1776
index: 893 Gene number = 1777
index: 894 Gene number = 1778
index: 895 Gene number = 1779
index: 896 Gene number = 1780
index: 897 Gene number = 1781
index: 898 Gene number = 1782
index: 899 Gene number = 1783
index: 900 Gene number = 1784
index: 901 Gene number = 1785
index: 902 Gene number = 1786
index: 903 Gene number = 1789
index: 904 Gene number = 1790
index: 905 Gene number = 1791
index: 906 Gene number = 1792
index: 907 Gene number = 1793
index: 908 Gene number = 1794
index: 909 Gene number = 1795
index: 910 Gene number = 1796
index: 911 Gene number = 1797
index: 912 Gene number = 1798
index: 913 Gene number = 1799
index: 914 Gene number = 1800
index: 915 Gene number = 1801
index: 916 Gene number = 1802
index: 917 Gene number = 1803
index: 918 Gene number = 1805
index: 919 Gene number = 1806
index: 920 Gene number = 1808
index: 921 Gene number = 1809
index: 922 Gene number = 1810
index: 923 Gene number = 1811
index: 924 Gene number = 1812
index: 925 Gene number = 1813
index: 926 Gene number = 1814
index: 927 Gene number = 1815
index: 928 Gene number = 1816
index: 929 Gene number = 1817
index: 930 Gene number = 1818
index: 931 Gene number = 1819
index: 932 Gene number = 1821
index: 933 Gene number = 1822
index: 934 Gene number = 1823
index: 935 Gene number = 1824
index: 936 Gene number = 1825
index: 937 Gene number = 1826
index: 938 Gene number = 1827
index: 939 Gene number = 1828
index: 940 Gene number = 1829
index: 941 Gene number = 1832
index: 942 Gene number = 1834
index: 943 Gene number = 1835
index: 944 Gene number = 1836
index: 945 Gene number = 1837
index: 946 Gene number = 1838
index: 947 Gene number = 1839
index: 948 Gene number = 1840
index: 949 Gene number = 1841
index: 950 Gene number = 1842
index: 951 Gene number = 1843
index: 952 Gene number = 1844
index: 953 Gene number = 1845
index: 954 Gene number = 1846
index: 955 Gene number = 1847
index: 956 Gene number = 1848
index: 957 Gene number = 1850
index: 958 Gene number = 1851
index: 959 Gene number = 1852
index: 960 Gene number = 1854
index: 961 Gene number = 1855
index: 962 Gene number = 1856
index: 963 Gene number = 1857
index: 964 Gene number = 1858
index: 965 Gene number = 1859
index: 966 Gene number = 1860
index: 967 Gene number = 1861
index: 968 Gene number = 1862
index: 969 Gene number = 1863
index: 970 Gene number = 1867
index: 971 Gene number = 1868
index: 972 Gene number = 1873
index: 973 Gene number = 1874
index: 974 Gene number = 1875
index: 975 Gene number = 1876
index: 976 Gene number = 1877
index: 977 Gene number = 1879
index: 978 Gene number = 1883
index: 979 Gene number = 1884
index: 980 Gene number = 1885
index: 981 Gene number = 1886
index: 982 Gene number = 1887
index: 983 Gene number = 1888
index: 984 Gene number = 1889
index: 985 Gene number = 1890
index: 986 Gene number = 1892
index: 987 Gene number = 1893
index: 988 Gene number = 1894
index: 989 Gene number = 1895
index: 990 Gene number = 1896
index: 991 Gene number = 1898
index: 992 Gene number = 1899
index: 993 Gene number = 1900
index: 994 Gene number = 1901
index: 995 Gene number = 1902
index: 996 Gene number = 1903
index: 997 Gene number = 1904
index: 998 Gene number = 1905
index: 999 Gene number = 1906
index: 1000 Gene number = 1907
index: 1001 Gene number = 1908
index: 1002 Gene number = 1909
index: 1003 Gene number = 1910
index: 1004 Gene number = 1911
index: 1005 Gene number = 1912
index: 1006 Gene number = 1913
index: 1007 Gene number = 1914
index: 1008 Gene number = 1915
index: 1009 Gene number = 1916
index: 1010 Gene number = 1919
index: 1011 Gene number = 1920
index: 1012 Gene number = 1936
index: 1013 Gene number = 1947
index: 1014 Gene number = 1948
index: 1015 Gene number = 1949
index: 1016 Gene number = 1950
index: 1017 Gene number = 1951
index: 1018 Gene number = 1954
index: 1019 Gene number = 1955
index: 1020 Gene number = 1956
index: 1021 Gene number = 1957
index: 1022 Gene number = 1958
index: 1023 Gene number = 1959
index: 1024 Gene number = 1960
index: 1025 Gene number = 1961
index: 1026 Gene number = 1962
index: 1027 Gene number = 1966
index: 1028 Gene number = 1967
index: 1029 Gene number = 1968
index: 1030 Gene number = 1969
index: 1031 Gene number = 1970
index: 1032 Gene number = 1971
index: 1033 Gene number = 1972
index: 1034 Gene number = 1973
index: 1035 Gene number = 1974
index: 1036 Gene number = 1975
index: 1037 Gene number = 1976
index: 1038 Gene number = 1977
index: 1039 Gene number = 1979
index: 1040 Gene number = 1980
index: 1041 Gene number = 1981
index: 1042 Gene number = 1982
index: 1043 Gene number = 1983
index: 1044 Gene number = 1984
index: 1045 Gene number = 1985
index: 1046 Gene number = 1986
index: 1047 Gene number = 1987
index: 1048 Gene number = 1988
index: 1049 Gene number = 1989
index: 1050 Gene number = 1990
index: 1051 Gene number = 1993
index: 1052 Gene number = 1994
index: 1053 Gene number = 1995
index: 1054 Gene number = 1996
index: 1055 Gene number = 1997
index: 1056 Gene number = 1999
index: 1057 Gene number = 2002
index: 1058 Gene number = 2004
index: 1059 Gene number = 2005
index: 1060 Gene number = 2006
index: 1061 Gene number = 2008
index: 1062 Gene number = 2009
index: 1063 Gene number = 2010
index: 1064 Gene number = 2012
index: 1065 Gene number = 2013
index: 1066 Gene number = 2015
index: 1067 Gene number = 2018
index: 1068 Gene number = 2019
index: 1069 Gene number = 2020
index: 1070 Gene number = 2021
index: 1071 Gene number = 2022
index: 1072 Gene number = 2023
index: 1073 Gene number = 2024
index: 1074 Gene number = 2025
index: 1075 Gene number = 2028
index: 1076 Gene number = 2029
index: 1077 Gene number = 2030
index: 1078 Gene number = 2031
index: 1079 Gene number = 2033
index: 1080 Gene number = 2034
index: 1081 Gene number = 2035
index: 1082 Gene number = 2037
index: 1083 Gene number = 2038
index: 1084 Gene number = 2039
index: 1085 Gene number = 2040
index: 1086 Gene number = 2041
index: 1087 Gene number = 2042
index: 1088 Gene number = 2043
index: 1089 Gene number = 2044
index: 1090 Gene number = 2049
index: 1091 Gene number = 2052
index: 1092 Gene number = 2055
index: 1093 Gene number = 2056
index: 1094 Gene number = 2057
index: 1095 Gene number = 2058
index: 1096 Gene number = 2060
index: 1097 Gene number = 2061
index: 1098 Gene number = 2062
index: 1099 Gene number = 2064
index: 1100 Gene number = 2065
index: 1101 Gene number = 2066
index: 1102 Gene number = 2067
index: 1103 Gene number = 2069
index: 1104 Gene number = 2070
index: 1105 Gene number = 2071
index: 1106 Gene number = 2072
index: 1107 Gene number = 2074
index: 1108 Gene number = 2076
index: 1109 Gene number = 2078
index: 1110 Gene number = 2079
index: 1111 Gene number = 2082
index: 1112 Gene number = 2083
index: 1113 Gene number = 2084
index: 1114 Gene number = 2085
index: 1115 Gene number = 2086
index: 1116 Gene number = 2087
index: 1117 Gene number = 2090
index: 1118 Gene number = 2091
index: 1119 Gene number = 2092
index: 1120 Gene number = 2093
index: 1121 Gene number = 2097
index: 1122 Gene number = 2098
index: 1123 Gene number = 2099
index: 1124 Gene number = 2102
index: 1125 Gene number = 2103
index: 1126 Gene number = 2104
index: 1127 Gene number = 2105
index: 1128 Gene number = 2106
index: 1129 Gene number = 2107
index: 1130 Gene number = 2109
index: 1131 Gene number = 2110
index: 1132 Gene number = 2111
index: 1133 Gene number = 2112
index: 1134 Gene number = 2114
index: 1135 Gene number = 2117
index: 1136 Gene number = 2118
index: 1137 Gene number = 2119
index: 1138 Gene number = 2120
index: 1139 Gene number = 2121
index: 1140 Gene number = 2122
index: 1141 Gene number = 2123
index: 1142 Gene number = 2124
index: 1143 Gene number = 2126
index: 1144 Gene number = 2127
index: 1145 Gene number = 2129
index: 1146 Gene number = 2130
index: 1147 Gene number = 2131
index: 1148 Gene number = 2132
index: 1149 Gene number = 2133
index: 1150 Gene number = 2134
index: 1151 Gene number = 2135
index: 1152 Gene number = 2136
index: 1153 Gene number = 2137
index: 1154 Gene number = 2138
index: 1155 Gene number = 2139
index: 1156 Gene number = 2140
index: 1157 Gene number = 2141
index: 1158 Gene number = 2142
index: 1159 Gene number = 2143
index: 1160 Gene number = 2144
index: 1161 Gene number = 2145
index: 1162 Gene number = 2149
index: 1163 Gene number = 2150
index: 1164 Gene number = 2151
index: 1165 Gene number = 2152
index: 1166 Gene number = 2154
index: 1167 Gene number = 2155
index: 1168 Gene number = 2156
index: 1169 Gene number = 2157
index: 1170 Gene number = 2158
index: 1171 Gene number = 2162
index: 1172 Gene number = 2163
index: 1173 Gene number = 2164
index: 1174 Gene number = 2165
index: 1175 Gene number = 2166
index: 1176 Gene number = 2167
index: 1177 Gene number = 2168
index: 1178 Gene number = 2169
index: 1179 Gene number = 2170
index: 1180 Gene number = 2171
index: 1181 Gene number = 2172
index: 1182 Gene number = 2173
index: 1183 Gene number = 2174
index: 1184 Gene number = 2175
index: 1185 Gene number = 2176
index: 1186 Gene number = 2178
index: 1187 Gene number = 2179
index: 1188 Gene number = 2180
index: 1189 Gene number = 2181
index: 1190 Gene number = 2182
index: 1191 Gene number = 2183
index: 1192 Gene number = 2184
index: 1193 Gene number = 2185
index: 1194 Gene number = 2186
index: 1195 Gene number = 2187
index: 1196 Gene number = 2188
index: 1197 Gene number = 2189
index: 1198 Gene number = 2190
index: 1199 Gene number = 2191
index: 1200 Gene number = 2193
index: 1201 Gene number = 2194
index: 1202 Gene number = 2195
index: 1203 Gene number = 2196
index: 1204 Gene number = 2197
index: 1205 Gene number = 2198
index: 1206 Gene number = 2199
index: 1207 Gene number = 2200
index: 1208 Gene number = 2201
index: 1209 Gene number = 2202
index: 1210 Gene number = 2203
index: 1211 Gene number = 2204
index: 1212 Gene number = 2205
index: 1213 Gene number = 2206
index: 1214 Gene number = 2207
index: 1215 Gene number = 2208
index: 1216 Gene number = 2209
index: 1217 Gene number = 2210
index: 1218 Gene number = 2211
index: 1219 Gene number = 2212
index: 1220 Gene number = 2213
index: 1221 Gene number = 2214
index: 1222 Gene number = 2215
index: 1223 Gene number = 2216
index: 1224 Gene number = 2217
index: 1225 Gene number = 2218
index: 1226 Gene number = 2219
index: 1227 Gene number = 2220
index: 1228 Gene number = 2221
index: 1229 Gene number = 2222
index: 1230 Gene number = 2223
index: 1231 Gene number = 2224
index: 1232 Gene number = 2225
index: 1233 Gene number = 2226
index: 1234 Gene number = 2227
index: 1235 Gene number = 2230
index: 1236 Gene number = 2231
index: 1237 Gene number = 2232
index: 1238 Gene number = 2233
index: 1239 Gene number = 2234
index: 1240 Gene number = 2236
index: 1241 Gene number = 2237
index: 1242 Gene number = 2238
index: 1243 Gene number = 2240
index: 1244 Gene number = 2241
index: 1245 Gene number = 2242
index: 1246 Gene number = 2243
index: 1247 Gene number = 2244
index: 1248 Gene number = 2246
index: 1249 Gene number = 2247
index: 1250 Gene number = 2248
index: 1251 Gene number = 2249
index: 1252 Gene number = 2250
index: 1253 Gene number = 2251
index: 1254 Gene number = 2252
index: 1255 Gene number = 2253
index: 1256 Gene number = 2255
index: 1257 Gene number = 2256
index: 1258 Gene number = 2257
index: 1259 Gene number = 2259
index: 1260 Gene number = 2260
index: 1261 Gene number = 2261
index: 1262 Gene number = 2262
index: 1263 Gene number = 2263
index: 1264 Gene number = 2267
index: 1265 Gene number = 2268
index: 1266 Gene number = 2269
index: 1267 Gene number = 2270
index: 1268 Gene number = 2271
index: 1269 Gene number = 2272
index: 1270 Gene number = 2273
index: 1271 Gene number = 2274
index: 1272 Gene number = 2275
index: 1273 Gene number = 2276
index: 1274 Gene number = 2277
index: 1275 Gene number = 2278
index: 1276 Gene number = 2279
index: 1277 Gene number = 2281
index: 1278 Gene number = 2282
index: 1279 Gene number = 2287
index: 1280 Gene number = 2288
index: 1281 Gene number = 2290
index: 1282 Gene number = 2291
index: 1283 Gene number = 2292
index: 1284 Gene number = 2293
index: 1285 Gene number = 2294
index: 1286 Gene number = 2297
index: 1287 Gene number = 2299
index: 1288 Gene number = 2300
index: 1289 Gene number = 2301
index: 1290 Gene number = 2302
index: 1291 Gene number = 2304
index: 1292 Gene number = 2305
index: 1293 Gene number = 2306
index: 1294 Gene number = 2311
index: 1295 Gene number = 2314
index: 1296 Gene number = 2315
index: 1297 Gene number = 2316
index: 1298 Gene number = 2317
index: 1299 Gene number = 2318
index: 1300 Gene number = 2319
index: 1301 Gene number = 2320
index: 1302 Gene number = 2321
index: 1303 Gene number = 2322
index: 1304 Gene number = 2323
index: 1305 Gene number = 2324
index: 1306 Gene number = 2325
index: 1307 Gene number = 2326
index: 1308 Gene number = 2327
index: 1309 Gene number = 2329
index: 1310 Gene number = 2330
index: 1311 Gene number = 2331
index: 1312 Gene number = 2332
index: 1313 Gene number = 2333
index: 1314 Gene number = 2334
index: 1315 Gene number = 2335
index: 1316 Gene number = 2336
index: 1317 Gene number = 2337
index: 1318 Gene number = 2338
index: 1319 Gene number = 2339
index: 1320 Gene number = 2340
index: 1321 Gene number = 2341
index: 1322 Gene number = 2343
index: 1323 Gene number = 2344
index: 1324 Gene number = 2345
index: 1325 Gene number = 2346
index: 1326 Gene number = 2347
index: 1327 Gene number = 2348
index: 1328 Gene number = 2353
index: 1329 Gene number = 2355
index: 1330 Gene number = 2359
index: 1331 Gene number = 2364
index: 1332 Gene number = 2368
index: 1333 Gene number = 2369
index: 1334 Gene number = 2370
index: 1335 Gene number = 2371
index: 1336 Gene number = 2372
index: 1337 Gene number = 2374
index: 1338 Gene number = 2376
index: 1339 Gene number = 2378
index: 1340 Gene number = 2380
index: 1341 Gene number = 2381
index: 1342 Gene number = 2382
index: 1343 Gene number = 2383
index: 1344 Gene number = 2384
index: 1345 Gene number = 2385
index: 1346 Gene number = 2387
index: 1347 Gene number = 2389
index: 1348 Gene number = 2390
index: 1349 Gene number = 2391
index: 1350 Gene number = 2401
index: 1351 Gene number = 2403
index: 1352 Gene number = 2405
index: 1353 Gene number = 2407
index: 1354 Gene number = 2409
index: 1355 Gene number = 2411
index: 1356 Gene number = 2412
index: 1357 Gene number = 2413
index: 1358 Gene number = 2414
index: 1359 Gene number = 2415
index: 1360 Gene number = 2416
index: 1361 Gene number = 2417
index: 1362 Gene number = 2418
index: 1363 Gene number = 2419
index: 1364 Gene number = 2420
index: 1365 Gene number = 2421
index: 1366 Gene number = 2422
index: 1367 Gene number = 2423
index: 1368 Gene number = 2424
index: 1369 Gene number = 2425
index: 1370 Gene number = 2426
index: 1371 Gene number = 2427
index: 1372 Gene number = 2428
index: 1373 Gene number = 2429
index: 1374 Gene number = 2430
index: 1375 Gene number = 2431
index: 1376 Gene number = 2432
index: 1377 Gene number = 2433
index: 1378 Gene number = 2434
index: 1379 Gene number = 2435
index: 1380 Gene number = 2436
index: 1381 Gene number = 2437
index: 1382 Gene number = 2438
index: 1383 Gene number = 2439
index: 1384 Gene number = 2440
index: 1385 Gene number = 2441
index: 1386 Gene number = 2442
index: 1387 Gene number = 2443
index: 1388 Gene number = 2444
index: 1389 Gene number = 2445
index: 1390 Gene number = 2446
index: 1391 Gene number = 2447
index: 1392 Gene number = 2448
index: 1393 Gene number = 2449
index: 1394 Gene number = 2454
index: 1395 Gene number = 2455
index: 1396 Gene number = 2456
index: 1397 Gene number = 2457
index: 1398 Gene number = 2458
index: 1399 Gene number = 2459
index: 1400 Gene number = 2460
index: 1401 Gene number = 2461
index: 1402 Gene number = 2462
index: 1403 Gene number = 2463
index: 1404 Gene number = 2464
Cluster 2:Total number of genes = 1063
index: 1 Gene number = 1
index: 2 Gene number = 2
index: 3 Gene number = 3
index: 4 Gene number = 5
index: 5 Gene number = 6
index: 6 Gene number = 7
index: 7 Gene number = 8
index: 8 Gene number = 9
index: 9 Gene number = 10
index: 10 Gene number = 11
index: 11 Gene number = 12
index: 12 Gene number = 13
index: 13 Gene number = 14
index: 14 Gene number = 15
index: 15 Gene number = 16
index: 16 Gene number = 17
index: 17 Gene number = 18
index: 18 Gene number = 19
index: 19 Gene number = 20
index: 20 Gene number = 21
index: 21 Gene number = 22
index: 22 Gene number = 23
index: 23 Gene number = 24
index: 24 Gene number = 25
index: 25 Gene number = 26
index: 26 Gene number = 27
index: 27 Gene number = 28
index: 28 Gene number = 29
index: 29 Gene number = 30
index: 30 Gene number = 31
index: 31 Gene number = 32
index: 32 Gene number = 33
index: 33 Gene number = 34
index: 34 Gene number = 35
index: 35 Gene number = 36
index: 36 Gene number = 37
index: 37 Gene number = 38
index: 38 Gene number = 39
index: 39 Gene number = 40
index: 40 Gene number = 41
index: 41 Gene number = 42
index: 42 Gene number = 43
index: 43 Gene number = 44
index: 44 Gene number = 45
index: 45 Gene number = 46
index: 46 Gene number = 47
index: 47 Gene number = 48
index: 48 Gene number = 49
index: 49 Gene number = 50
index: 50 Gene number = 51
index: 51 Gene number = 52
index: 52 Gene number = 53
index: 53 Gene number = 54
index: 54 Gene number = 55
index: 55 Gene number = 56
index: 56 Gene number = 57
index: 57 Gene number = 58
index: 58 Gene number = 59
index: 59 Gene number = 60
index: 60 Gene number = 61
index: 61 Gene number = 62
index: 62 Gene number = 63
index: 63 Gene number = 64
index: 64 Gene number = 65
index: 65 Gene number = 66
index: 66 Gene number = 67
index: 67 Gene number = 68
index: 68 Gene number = 69
index: 69 Gene number = 70
index: 70 Gene number = 71
index: 71 Gene number = 72
index: 72 Gene number = 73
index: 73 Gene number = 74
index: 74 Gene number = 75
index: 75 Gene number = 76
index: 76 Gene number = 77
index: 77 Gene number = 78
index: 78 Gene number = 79
index: 79 Gene number = 80
index: 80 Gene number = 81
index: 81 Gene number = 82
index: 82 Gene number = 83
index: 83 Gene number = 84
index: 84 Gene number = 85
index: 85 Gene number = 86
index: 86 Gene number = 87
index: 87 Gene number = 88
index: 88 Gene number = 89
index: 89 Gene number = 90
index: 90 Gene number = 91
index: 91 Gene number = 92
index: 92 Gene number = 93
index: 93 Gene number = 94
index: 94 Gene number = 95
index: 95 Gene number = 96
index: 96 Gene number = 97
index: 97 Gene number = 98
index: 98 Gene number = 99
index: 99 Gene number = 100
index: 100 Gene number = 101
index: 101 Gene number = 102
index: 102 Gene number = 103
index: 103 Gene number = 104
index: 104 Gene number = 105
index: 105 Gene number = 106
index: 106 Gene number = 107
index: 107 Gene number = 108
index: 108 Gene number = 109
index: 109 Gene number = 110
index: 110 Gene number = 111
index: 111 Gene number = 112
index: 112 Gene number = 113
index: 113 Gene number = 114
index: 114 Gene number = 115
index: 115 Gene number = 116
index: 116 Gene number = 117
index: 117 Gene number = 118
index: 118 Gene number = 119
index: 119 Gene number = 120
index: 120 Gene number = 121
index: 121 Gene number = 623
index: 122 Gene number = 624
index: 123 Gene number = 666
index: 124 Gene number = 667
index: 125 Gene number = 669
index: 126 Gene number = 672
index: 127 Gene number = 675
index: 128 Gene number = 677
index: 129 Gene number = 678
index: 130 Gene number = 686
index: 131 Gene number = 693
index: 132 Gene number = 695
index: 133 Gene number = 697
index: 134 Gene number = 698
index: 135 Gene number = 701
index: 136 Gene number = 702
index: 137 Gene number = 705
index: 138 Gene number = 706
index: 139 Gene number = 708
index: 140 Gene number = 711
index: 141 Gene number = 712
index: 142 Gene number = 713
index: 143 Gene number = 715
index: 144 Gene number = 716
index: 145 Gene number = 718
index: 146 Gene number = 719
index: 147 Gene number = 720
index: 148 Gene number = 721
index: 149 Gene number = 722
index: 150 Gene number = 723
index: 151 Gene number = 724
index: 152 Gene number = 725
index: 153 Gene number = 726
index: 154 Gene number = 727
index: 155 Gene number = 731
index: 156 Gene number = 732
index: 157 Gene number = 735
index: 158 Gene number = 736
index: 159 Gene number = 737
index: 160 Gene number = 739
index: 161 Gene number = 741
index: 162 Gene number = 746
index: 163 Gene number = 747
index: 164 Gene number = 750
index: 165 Gene number = 751
index: 166 Gene number = 752
index: 167 Gene number = 753
index: 168 Gene number = 754
index: 169 Gene number = 755
index: 170 Gene number = 757
index: 171 Gene number = 758
index: 172 Gene number = 759
index: 173 Gene number = 762
index: 174 Gene number = 766
index: 175 Gene number = 767
index: 176 Gene number = 768
index: 177 Gene number = 769
index: 178 Gene number = 770
index: 179 Gene number = 772
index: 180 Gene number = 774
index: 181 Gene number = 775
index: 182 Gene number = 776
index: 183 Gene number = 777
index: 184 Gene number = 778
index: 185 Gene number = 779
index: 186 Gene number = 780
index: 187 Gene number = 781
index: 188 Gene number = 782
index: 189 Gene number = 784
index: 190 Gene number = 785
index: 191 Gene number = 786
index: 192 Gene number = 787
index: 193 Gene number = 788
index: 194 Gene number = 789
index: 195 Gene number = 790
index: 196 Gene number = 793
index: 197 Gene number = 794
index: 198 Gene number = 795
index: 199 Gene number = 796
index: 200 Gene number = 797
index: 201 Gene number = 798
index: 202 Gene number = 799
index: 203 Gene number = 800
index: 204 Gene number = 801
index: 205 Gene number = 802
index: 206 Gene number = 803
index: 207 Gene number = 804
index: 208 Gene number = 805
index: 209 Gene number = 806
index: 210 Gene number = 807
index: 211 Gene number = 808
index: 212 Gene number = 809
index: 213 Gene number = 810
index: 214 Gene number = 811
index: 215 Gene number = 812
index: 216 Gene number = 813
index: 217 Gene number = 814
index: 218 Gene number = 815
index: 219 Gene number = 816
index: 220 Gene number = 817
index: 221 Gene number = 818
index: 222 Gene number = 819
index: 223 Gene number = 820
index: 224 Gene number = 821
index: 225 Gene number = 822
index: 226 Gene number = 823
index: 227 Gene number = 824
index: 228 Gene number = 825
index: 229 Gene number = 826
index: 230 Gene number = 827
index: 231 Gene number = 828
index: 232 Gene number = 829
index: 233 Gene number = 830
index: 234 Gene number = 831
index: 235 Gene number = 832
index: 236 Gene number = 833
index: 237 Gene number = 834
index: 238 Gene number = 835
index: 239 Gene number = 836
index: 240 Gene number = 837
index: 241 Gene number = 838
index: 242 Gene number = 839
index: 243 Gene number = 840
index: 244 Gene number = 842
index: 245 Gene number = 843
index: 246 Gene number = 844
index: 247 Gene number = 845
index: 248 Gene number = 846
index: 249 Gene number = 847
index: 250 Gene number = 848
index: 251 Gene number = 849
index: 252 Gene number = 850
index: 253 Gene number = 852
index: 254 Gene number = 853
index: 255 Gene number = 854
index: 256 Gene number = 855
index: 257 Gene number = 856
index: 258 Gene number = 857
index: 259 Gene number = 858
index: 260 Gene number = 859
index: 261 Gene number = 860
index: 262 Gene number = 861
index: 263 Gene number = 862
index: 264 Gene number = 863
index: 265 Gene number = 864
index: 266 Gene number = 865
index: 267 Gene number = 867
index: 268 Gene number = 868
index: 269 Gene number = 869
index: 270 Gene number = 870
index: 271 Gene number = 871
index: 272 Gene number = 872
index: 273 Gene number = 873
index: 274 Gene number = 874
index: 275 Gene number = 875
index: 276 Gene number = 876
index: 277 Gene number = 877
index: 278 Gene number = 878
index: 279 Gene number = 879
index: 280 Gene number = 880
index: 281 Gene number = 881
index: 282 Gene number = 882
index: 283 Gene number = 883
index: 284 Gene number = 884
index: 285 Gene number = 885
index: 286 Gene number = 886
index: 287 Gene number = 887
index: 288 Gene number = 888
index: 289 Gene number = 889
index: 290 Gene number = 890
index: 291 Gene number = 891
index: 292 Gene number = 892
index: 293 Gene number = 893
index: 294 Gene number = 894
index: 295 Gene number = 895
index: 296 Gene number = 896
index: 297 Gene number = 897
index: 298 Gene number = 898
index: 299 Gene number = 899
index: 300 Gene number = 900
index: 301 Gene number = 901
index: 302 Gene number = 902
index: 303 Gene number = 903
index: 304 Gene number = 904
index: 305 Gene number = 905
index: 306 Gene number = 906
index: 307 Gene number = 907
index: 308 Gene number = 908
index: 309 Gene number = 909
index: 310 Gene number = 910
index: 311 Gene number = 911
index: 312 Gene number = 912
index: 313 Gene number = 913
index: 314 Gene number = 914
index: 315 Gene number = 915
index: 316 Gene number = 916
index: 317 Gene number = 917
index: 318 Gene number = 918
index: 319 Gene number = 919
index: 320 Gene number = 920
index: 321 Gene number = 921
index: 322 Gene number = 922
index: 323 Gene number = 923
index: 324 Gene number = 924
index: 325 Gene number = 925
index: 326 Gene number = 926
index: 327 Gene number = 927
index: 328 Gene number = 928
index: 329 Gene number = 929
index: 330 Gene number = 930
index: 331 Gene number = 931
index: 332 Gene number = 932
index: 333 Gene number = 933
index: 334 Gene number = 934
index: 335 Gene number = 935
index: 336 Gene number = 936
index: 337 Gene number = 937
index: 338 Gene number = 938
index: 339 Gene number = 939
index: 340 Gene number = 940
index: 341 Gene number = 941
index: 342 Gene number = 942
index: 343 Gene number = 943
index: 344 Gene number = 944
index: 345 Gene number = 945
index: 346 Gene number = 946
index: 347 Gene number = 947
index: 348 Gene number = 948
index: 349 Gene number = 949
index: 350 Gene number = 950
index: 351 Gene number = 951
index: 352 Gene number = 952
index: 353 Gene number = 953
index: 354 Gene number = 954
index: 355 Gene number = 955
index: 356 Gene number = 956
index: 357 Gene number = 957
index: 358 Gene number = 958
index: 359 Gene number = 959
index: 360 Gene number = 960
index: 361 Gene number = 961
index: 362 Gene number = 962
index: 363 Gene number = 963
index: 364 Gene number = 964
index: 365 Gene number = 965
index: 366 Gene number = 966
index: 367 Gene number = 967
index: 368 Gene number = 968
index: 369 Gene number = 969
index: 370 Gene number = 970
index: 371 Gene number = 971
index: 372 Gene number = 972
index: 373 Gene number = 973
index: 374 Gene number = 974
index: 375 Gene number = 975
index: 376 Gene number = 976
index: 377 Gene number = 977
index: 378 Gene number = 978
index: 379 Gene number = 979
index: 380 Gene number = 980
index: 381 Gene number = 981
index: 382 Gene number = 982
index: 383 Gene number = 983
index: 384 Gene number = 984
index: 385 Gene number = 985
index: 386 Gene number = 986
index: 387 Gene number = 987
index: 388 Gene number = 988
index: 389 Gene number = 989
index: 390 Gene number = 990
index: 391 Gene number = 991
index: 392 Gene number = 992
index: 393 Gene number = 993
index: 394 Gene number = 994
index: 395 Gene number = 995
index: 396 Gene number = 996
index: 397 Gene number = 997
index: 398 Gene number = 998
index: 399 Gene number = 999
index: 400 Gene number = 1000
index: 401 Gene number = 1001
index: 402 Gene number = 1002
index: 403 Gene number = 1003
index: 404 Gene number = 1004
index: 405 Gene number = 1005
index: 406 Gene number = 1006
index: 407 Gene number = 1007
index: 408 Gene number = 1008
index: 409 Gene number = 1009
index: 410 Gene number = 1010
index: 411 Gene number = 1011
index: 412 Gene number = 1012
index: 413 Gene number = 1013
index: 414 Gene number = 1014
index: 415 Gene number = 1015
index: 416 Gene number = 1016
index: 417 Gene number = 1017
index: 418 Gene number = 1018
index: 419 Gene number = 1019
index: 420 Gene number = 1020
index: 421 Gene number = 1021
index: 422 Gene number = 1022
index: 423 Gene number = 1023
index: 424 Gene number = 1024
index: 425 Gene number = 1025
index: 426 Gene number = 1026
index: 427 Gene number = 1027
index: 428 Gene number = 1028
index: 429 Gene number = 1029
index: 430 Gene number = 1030
index: 431 Gene number = 1031
index: 432 Gene number = 1032
index: 433 Gene number = 1033
index: 434 Gene number = 1034
index: 435 Gene number = 1035
index: 436 Gene number = 1036
index: 437 Gene number = 1037
index: 438 Gene number = 1038
index: 439 Gene number = 1040
index: 440 Gene number = 1041
index: 441 Gene number = 1042
index: 442 Gene number = 1043
index: 443 Gene number = 1044
index: 444 Gene number = 1045
index: 445 Gene number = 1047
index: 446 Gene number = 1048
index: 447 Gene number = 1049
index: 448 Gene number = 1050
index: 449 Gene number = 1051
index: 450 Gene number = 1052
index: 451 Gene number = 1053
index: 452 Gene number = 1054
index: 453 Gene number = 1055
index: 454 Gene number = 1056
index: 455 Gene number = 1057
index: 456 Gene number = 1058
index: 457 Gene number = 1059
index: 458 Gene number = 1060
index: 459 Gene number = 1061
index: 460 Gene number = 1062
index: 461 Gene number = 1063
index: 462 Gene number = 1064
index: 463 Gene number = 1065
index: 464 Gene number = 1066
index: 465 Gene number = 1067
index: 466 Gene number = 1068
index: 467 Gene number = 1069
index: 468 Gene number = 1070
index: 469 Gene number = 1071
index: 470 Gene number = 1072
index: 471 Gene number = 1073
index: 472 Gene number = 1074
index: 473 Gene number = 1075
index: 474 Gene number = 1076
index: 475 Gene number = 1077
index: 476 Gene number = 1078
index: 477 Gene number = 1079
index: 478 Gene number = 1080
index: 479 Gene number = 1081
index: 480 Gene number = 1082
index: 481 Gene number = 1083
index: 482 Gene number = 1084
index: 483 Gene number = 1085
index: 484 Gene number = 1087
index: 485 Gene number = 1088
index: 486 Gene number = 1089
index: 487 Gene number = 1090
index: 488 Gene number = 1091
index: 489 Gene number = 1092
index: 490 Gene number = 1093
index: 491 Gene number = 1094
index: 492 Gene number = 1095
index: 493 Gene number = 1096
index: 494 Gene number = 1097
index: 495 Gene number = 1098
index: 496 Gene number = 1099
index: 497 Gene number = 1100
index: 498 Gene number = 1101
index: 499 Gene number = 1102
index: 500 Gene number = 1103
index: 501 Gene number = 1104
index: 502 Gene number = 1105
index: 503 Gene number = 1106
index: 504 Gene number = 1107
index: 505 Gene number = 1108
index: 506 Gene number = 1112
index: 507 Gene number = 1113
index: 508 Gene number = 1114
index: 509 Gene number = 1115
index: 510 Gene number = 1116
index: 511 Gene number = 1118
index: 512 Gene number = 1119
index: 513 Gene number = 1120
index: 514 Gene number = 1121
index: 515 Gene number = 1122
index: 516 Gene number = 1123
index: 517 Gene number = 1124
index: 518 Gene number = 1126
index: 519 Gene number = 1127
index: 520 Gene number = 1128
index: 521 Gene number = 1130
index: 522 Gene number = 1131
index: 523 Gene number = 1132
index: 524 Gene number = 1133
index: 525 Gene number = 1134
index: 526 Gene number = 1135
index: 527 Gene number = 1136
index: 528 Gene number = 1138
index: 529 Gene number = 1139
index: 530 Gene number = 1140
index: 531 Gene number = 1141
index: 532 Gene number = 1144
index: 533 Gene number = 1145
index: 534 Gene number = 1147
index: 535 Gene number = 1149
index: 536 Gene number = 1150
index: 537 Gene number = 1151
index: 538 Gene number = 1152
index: 539 Gene number = 1155
index: 540 Gene number = 1158
index: 541 Gene number = 1159
index: 542 Gene number = 1173
index: 543 Gene number = 1174
index: 544 Gene number = 1182
index: 545 Gene number = 1185
index: 546 Gene number = 1187
index: 547 Gene number = 1188
index: 548 Gene number = 1194
index: 549 Gene number = 1195
index: 550 Gene number = 1199
index: 551 Gene number = 1201
index: 552 Gene number = 1203
index: 553 Gene number = 1204
index: 554 Gene number = 1206
index: 555 Gene number = 1208
index: 556 Gene number = 1211
index: 557 Gene number = 1212
index: 558 Gene number = 1214
index: 559 Gene number = 1216
index: 560 Gene number = 1217
index: 561 Gene number = 1219
index: 562 Gene number = 1220
index: 563 Gene number = 1221
index: 564 Gene number = 1222
index: 565 Gene number = 1223
index: 566 Gene number = 1225
index: 567 Gene number = 1226
index: 568 Gene number = 1227
index: 569 Gene number = 1233
index: 570 Gene number = 1240
index: 571 Gene number = 1241
index: 572 Gene number = 1242
index: 573 Gene number = 1243
index: 574 Gene number = 1245
index: 575 Gene number = 1265
index: 576 Gene number = 1266
index: 577 Gene number = 1274
index: 578 Gene number = 1276
index: 579 Gene number = 1279
index: 580 Gene number = 1282
index: 581 Gene number = 1283
index: 582 Gene number = 1284
index: 583 Gene number = 1285
index: 584 Gene number = 1286
index: 585 Gene number = 1288
index: 586 Gene number = 1290
index: 587 Gene number = 1291
index: 588 Gene number = 1301
index: 589 Gene number = 1302
index: 590 Gene number = 1303
index: 591 Gene number = 1304
index: 592 Gene number = 1306
index: 593 Gene number = 1309
index: 594 Gene number = 1310
index: 595 Gene number = 1311
index: 596 Gene number = 1339
index: 597 Gene number = 1340
index: 598 Gene number = 1342
index: 599 Gene number = 1351
index: 600 Gene number = 1361
index: 601 Gene number = 1365
index: 602 Gene number = 1370
index: 603 Gene number = 1377
index: 604 Gene number = 1378
index: 605 Gene number = 1381
index: 606 Gene number = 1382
index: 607 Gene number = 1383
index: 608 Gene number = 1384
index: 609 Gene number = 1392
index: 610 Gene number = 1399
index: 611 Gene number = 1426
index: 612 Gene number = 1427
index: 613 Gene number = 1428
index: 614 Gene number = 1430
index: 615 Gene number = 1431
index: 616 Gene number = 1432
index: 617 Gene number = 1433
index: 618 Gene number = 1434
index: 619 Gene number = 1435
index: 620 Gene number = 1436
index: 621 Gene number = 1437
index: 622 Gene number = 1438
index: 623 Gene number = 1439
index: 624 Gene number = 1440
index: 625 Gene number = 1441
index: 626 Gene number = 1442
index: 627 Gene number = 1444
index: 628 Gene number = 1445
index: 629 Gene number = 1446
index: 630 Gene number = 1455
index: 631 Gene number = 1460
index: 632 Gene number = 1467
index: 633 Gene number = 1470
index: 634 Gene number = 1472
index: 635 Gene number = 1474
index: 636 Gene number = 1475
index: 637 Gene number = 1477
index: 638 Gene number = 1478
index: 639 Gene number = 1479
index: 640 Gene number = 1480
index: 641 Gene number = 1483
index: 642 Gene number = 1487
index: 643 Gene number = 1488
index: 644 Gene number = 1489
index: 645 Gene number = 1496
index: 646 Gene number = 1497
index: 647 Gene number = 1498
index: 648 Gene number = 1499
index: 649 Gene number = 1500
index: 650 Gene number = 1501
index: 651 Gene number = 1502
index: 652 Gene number = 1503
index: 653 Gene number = 1504
index: 654 Gene number = 1505
index: 655 Gene number = 1506
index: 656 Gene number = 1507
index: 657 Gene number = 1508
index: 658 Gene number = 1509
index: 659 Gene number = 1510
index: 660 Gene number = 1512
index: 661 Gene number = 1513
index: 662 Gene number = 1517
index: 663 Gene number = 1520
index: 664 Gene number = 1523
index: 665 Gene number = 1527
index: 666 Gene number = 1528
index: 667 Gene number = 1530
index: 668 Gene number = 1531
index: 669 Gene number = 1532
index: 670 Gene number = 1533
index: 671 Gene number = 1534
index: 672 Gene number = 1535
index: 673 Gene number = 1536
index: 674 Gene number = 1537
index: 675 Gene number = 1539
index: 676 Gene number = 1540
index: 677 Gene number = 1541
index: 678 Gene number = 1542
index: 679 Gene number = 1543
index: 680 Gene number = 1544
index: 681 Gene number = 1545
index: 682 Gene number = 1546
index: 683 Gene number = 1547
index: 684 Gene number = 1548
index: 685 Gene number = 1549
index: 686 Gene number = 1550
index: 687 Gene number = 1551
index: 688 Gene number = 1552
index: 689 Gene number = 1553
index: 690 Gene number = 1554
index: 691 Gene number = 1555
index: 692 Gene number = 1556
index: 693 Gene number = 1557
index: 694 Gene number = 1558
index: 695 Gene number = 1559
index: 696 Gene number = 1560
index: 697 Gene number = 1561
index: 698 Gene number = 1562
index: 699 Gene number = 1563
index: 700 Gene number = 1564
index: 701 Gene number = 1565
index: 702 Gene number = 1566
index: 703 Gene number = 1567
index: 704 Gene number = 1568
index: 705 Gene number = 1569
index: 706 Gene number = 1570
index: 707 Gene number = 1571
index: 708 Gene number = 1572
index: 709 Gene number = 1573
index: 710 Gene number = 1574
index: 711 Gene number = 1575
index: 712 Gene number = 1576
index: 713 Gene number = 1577
index: 714 Gene number = 1578
index: 715 Gene number = 1579
index: 716 Gene number = 1580
index: 717 Gene number = 1581
index: 718 Gene number = 1582
index: 719 Gene number = 1583
index: 720 Gene number = 1584
index: 721 Gene number = 1585
index: 722 Gene number = 1586
index: 723 Gene number = 1587
index: 724 Gene number = 1588
index: 725 Gene number = 1589
index: 726 Gene number = 1590
index: 727 Gene number = 1591
index: 728 Gene number = 1592
index: 729 Gene number = 1593
index: 730 Gene number = 1594
index: 731 Gene number = 1595
index: 732 Gene number = 1596
index: 733 Gene number = 1597
index: 734 Gene number = 1598
index: 735 Gene number = 1599
index: 736 Gene number = 1600
index: 737 Gene number = 1601
index: 738 Gene number = 1602
index: 739 Gene number = 1603
index: 740 Gene number = 1604
index: 741 Gene number = 1605
index: 742 Gene number = 1606
index: 743 Gene number = 1607
index: 744 Gene number = 1608
index: 745 Gene number = 1609
index: 746 Gene number = 1610
index: 747 Gene number = 1611
index: 748 Gene number = 1612
index: 749 Gene number = 1613
index: 750 Gene number = 1614
index: 751 Gene number = 1615
index: 752 Gene number = 1616
index: 753 Gene number = 1617
index: 754 Gene number = 1618
index: 755 Gene number = 1619
index: 756 Gene number = 1620
index: 757 Gene number = 1621
index: 758 Gene number = 1622
index: 759 Gene number = 1623
index: 760 Gene number = 1624
index: 761 Gene number = 1625
index: 762 Gene number = 1626
index: 763 Gene number = 1627
index: 764 Gene number = 1628
index: 765 Gene number = 1629
index: 766 Gene number = 1630
index: 767 Gene number = 1631
index: 768 Gene number = 1632
index: 769 Gene number = 1633
index: 770 Gene number = 1634
index: 771 Gene number = 1635
index: 772 Gene number = 1636
index: 773 Gene number = 1637
index: 774 Gene number = 1638
index: 775 Gene number = 1639
index: 776 Gene number = 1640
index: 777 Gene number = 1641
index: 778 Gene number = 1642
index: 779 Gene number = 1643
index: 780 Gene number = 1644
index: 781 Gene number = 1645
index: 782 Gene number = 1646
index: 783 Gene number = 1647
index: 784 Gene number = 1648
index: 785 Gene number = 1649
index: 786 Gene number = 1650
index: 787 Gene number = 1651
index: 788 Gene number = 1652
index: 789 Gene number = 1653
index: 790 Gene number = 1654
index: 791 Gene number = 1655
index: 792 Gene number = 1656
index: 793 Gene number = 1657
index: 794 Gene number = 1658
index: 795 Gene number = 1659
index: 796 Gene number = 1660
index: 797 Gene number = 1661
index: 798 Gene number = 1662
index: 799 Gene number = 1663
index: 800 Gene number = 1664
index: 801 Gene number = 1665
index: 802 Gene number = 1666
index: 803 Gene number = 1667
index: 804 Gene number = 1668
index: 805 Gene number = 1669
index: 806 Gene number = 1670
index: 807 Gene number = 1671
index: 808 Gene number = 1672
index: 809 Gene number = 1673
index: 810 Gene number = 1674
index: 811 Gene number = 1675
index: 812 Gene number = 1676
index: 813 Gene number = 1677
index: 814 Gene number = 1678
index: 815 Gene number = 1679
index: 816 Gene number = 1680
index: 817 Gene number = 1681
index: 818 Gene number = 1682
index: 819 Gene number = 1683
index: 820 Gene number = 1684
index: 821 Gene number = 1685
index: 822 Gene number = 1686
index: 823 Gene number = 1687
index: 824 Gene number = 1688
index: 825 Gene number = 1689
index: 826 Gene number = 1690
index: 827 Gene number = 1691
index: 828 Gene number = 1692
index: 829 Gene number = 1693
index: 830 Gene number = 1694
index: 831 Gene number = 1695
index: 832 Gene number = 1696
index: 833 Gene number = 1697
index: 834 Gene number = 1698
index: 835 Gene number = 1699
index: 836 Gene number = 1700
index: 837 Gene number = 1701
index: 838 Gene number = 1702
index: 839 Gene number = 1703
index: 840 Gene number = 1704
index: 841 Gene number = 1705
index: 842 Gene number = 1706
index: 843 Gene number = 1707
index: 844 Gene number = 1708
index: 845 Gene number = 1709
index: 846 Gene number = 1710
index: 847 Gene number = 1711
index: 848 Gene number = 1712
index: 849 Gene number = 1713
index: 850 Gene number = 1714
index: 851 Gene number = 1715
index: 852 Gene number = 1716
index: 853 Gene number = 1717
index: 854 Gene number = 1718
index: 855 Gene number = 1719
index: 856 Gene number = 1720
index: 857 Gene number = 1721
index: 858 Gene number = 1722
index: 859 Gene number = 1723
index: 860 Gene number = 1724
index: 861 Gene number = 1725
index: 862 Gene number = 1727
index: 863 Gene number = 1728
index: 864 Gene number = 1729
index: 865 Gene number = 1730
index: 866 Gene number = 1731
index: 867 Gene number = 1734
index: 868 Gene number = 1736
index: 869 Gene number = 1737
index: 870 Gene number = 1738
index: 871 Gene number = 1739
index: 872 Gene number = 1742
index: 873 Gene number = 1743
index: 874 Gene number = 1745
index: 875 Gene number = 1746
index: 876 Gene number = 1747
index: 877 Gene number = 1749
index: 878 Gene number = 1752
index: 879 Gene number = 1757
index: 880 Gene number = 1759
index: 881 Gene number = 1760
index: 882 Gene number = 1764
index: 883 Gene number = 1765
index: 884 Gene number = 1768
index: 885 Gene number = 1787
index: 886 Gene number = 1788
index: 887 Gene number = 1804
index: 888 Gene number = 1807
index: 889 Gene number = 1820
index: 890 Gene number = 1830
index: 891 Gene number = 1831
index: 892 Gene number = 1833
index: 893 Gene number = 1849
index: 894 Gene number = 1853
index: 895 Gene number = 1864
index: 896 Gene number = 1865
index: 897 Gene number = 1866
index: 898 Gene number = 1869
index: 899 Gene number = 1870
index: 900 Gene number = 1871
index: 901 Gene number = 1872
index: 902 Gene number = 1878
index: 903 Gene number = 1880
index: 904 Gene number = 1881
index: 905 Gene number = 1882
index: 906 Gene number = 1891
index: 907 Gene number = 1897
index: 908 Gene number = 1917
index: 909 Gene number = 1918
index: 910 Gene number = 1921
index: 911 Gene number = 1922
index: 912 Gene number = 1923
index: 913 Gene number = 1924
index: 914 Gene number = 1925
index: 915 Gene number = 1926
index: 916 Gene number = 1927
index: 917 Gene number = 1928
index: 918 Gene number = 1929
index: 919 Gene number = 1930
index: 920 Gene number = 1931
index: 921 Gene number = 1932
index: 922 Gene number = 1933
index: 923 Gene number = 1934
index: 924 Gene number = 1935
index: 925 Gene number = 1937
index: 926 Gene number = 1938
index: 927 Gene number = 1939
index: 928 Gene number = 1940
index: 929 Gene number = 1941
index: 930 Gene number = 1942
index: 931 Gene number = 1943
index: 932 Gene number = 1944
index: 933 Gene number = 1945
index: 934 Gene number = 1946
index: 935 Gene number = 1952
index: 936 Gene number = 1953
index: 937 Gene number = 1963
index: 938 Gene number = 1964
index: 939 Gene number = 1965
index: 940 Gene number = 1978
index: 941 Gene number = 1991
index: 942 Gene number = 1992
index: 943 Gene number = 1998
index: 944 Gene number = 2000
index: 945 Gene number = 2001
index: 946 Gene number = 2003
index: 947 Gene number = 2007
index: 948 Gene number = 2011
index: 949 Gene number = 2014
index: 950 Gene number = 2016
index: 951 Gene number = 2017
index: 952 Gene number = 2026
index: 953 Gene number = 2027
index: 954 Gene number = 2032
index: 955 Gene number = 2036
index: 956 Gene number = 2045
index: 957 Gene number = 2046
index: 958 Gene number = 2047
index: 959 Gene number = 2048
index: 960 Gene number = 2050
index: 961 Gene number = 2051
index: 962 Gene number = 2053
index: 963 Gene number = 2054
index: 964 Gene number = 2059
index: 965 Gene number = 2063
index: 966 Gene number = 2068
index: 967 Gene number = 2073
index: 968 Gene number = 2075
index: 969 Gene number = 2077
index: 970 Gene number = 2080
index: 971 Gene number = 2081
index: 972 Gene number = 2088
index: 973 Gene number = 2089
index: 974 Gene number = 2094
index: 975 Gene number = 2095
index: 976 Gene number = 2096
index: 977 Gene number = 2100
index: 978 Gene number = 2101
index: 979 Gene number = 2108
index: 980 Gene number = 2113
index: 981 Gene number = 2115
index: 982 Gene number = 2116
index: 983 Gene number = 2125
index: 984 Gene number = 2128
index: 985 Gene number = 2146
index: 986 Gene number = 2147
index: 987 Gene number = 2148
index: 988 Gene number = 2153
index: 989 Gene number = 2159
index: 990 Gene number = 2160
index: 991 Gene number = 2161
index: 992 Gene number = 2177
index: 993 Gene number = 2192
index: 994 Gene number = 2228
index: 995 Gene number = 2229
index: 996 Gene number = 2235
index: 997 Gene number = 2239
index: 998 Gene number = 2245
index: 999 Gene number = 2254
index: 1000 Gene number = 2258
index: 1001 Gene number = 2264
index: 1002 Gene number = 2265
index: 1003 Gene number = 2266
index: 1004 Gene number = 2280
index: 1005 Gene number = 2283
index: 1006 Gene number = 2284
index: 1007 Gene number = 2285
index: 1008 Gene number = 2286
index: 1009 Gene number = 2289
index: 1010 Gene number = 2295
index: 1011 Gene number = 2296
index: 1012 Gene number = 2298
index: 1013 Gene number = 2303
index: 1014 Gene number = 2307
index: 1015 Gene number = 2308
index: 1016 Gene number = 2309
index: 1017 Gene number = 2310
index: 1018 Gene number = 2312
index: 1019 Gene number = 2313
index: 1020 Gene number = 2328
index: 1021 Gene number = 2342
index: 1022 Gene number = 2349
index: 1023 Gene number = 2350
index: 1024 Gene number = 2351
index: 1025 Gene number = 2352
index: 1026 Gene number = 2354
index: 1027 Gene number = 2356
index: 1028 Gene number = 2357
index: 1029 Gene number = 2358
index: 1030 Gene number = 2360
index: 1031 Gene number = 2361
index: 1032 Gene number = 2362
index: 1033 Gene number = 2363
index: 1034 Gene number = 2365
index: 1035 Gene number = 2366
index: 1036 Gene number = 2367
index: 1037 Gene number = 2373
index: 1038 Gene number = 2375
index: 1039 Gene number = 2377
index: 1040 Gene number = 2379
index: 1041 Gene number = 2386
index: 1042 Gene number = 2388
index: 1043 Gene number = 2392
index: 1044 Gene number = 2393
index: 1045 Gene number = 2394
index: 1046 Gene number = 2395
index: 1047 Gene number = 2396
index: 1048 Gene number = 2397
index: 1049 Gene number = 2398
index: 1050 Gene number = 2399
index: 1051 Gene number = 2400
index: 1052 Gene number = 2402
index: 1053 Gene number = 2404
index: 1054 Gene number = 2406
index: 1055 Gene number = 2408
index: 1056 Gene number = 2410
index: 1057 Gene number = 2450
index: 1058 Gene number = 2451
index: 1059 Gene number = 2452
index: 1060 Gene number = 2453
index: 1061 Gene number = 2465
index: 1062 Gene number = 2466
index: 1063 Gene number = 2467
